{"contracts\\YieldFarming.sol":{"l":{"33":14,"34":13,"38":3,"48":13,"54":12,"56":12,"57":12,"58":12,"59":12,"60":12,"62":12,"70":19,"71":18,"73":17,"75":17,"77":17,"78":17,"80":17,"81":17,"82":17,"84":17,"85":6,"86":6,"94":1,"96":1,"97":1,"98":1,"100":1,"101":0,"104":1,"113":4,"114":4,"116":4,"117":2,"120":4,"121":4,"127":0,"137":1,"139":1,"140":1,"142":1,"144":1,"146":1,"148":1,"151":1,"156":1,"157":1,"158":1,"160":1,"161":2,"162":2,"164":2,"165":2,"168":1,"175":9,"177":9,"179":9,"181":9,"183":9,"188":2,"193":2},"path":"I:\\Web3\\yieldFarming\\contracts\\YieldFarming.sol","s":{"1":14,"2":13,"3":12,"4":19,"5":18,"6":17,"7":17,"8":6,"9":1,"10":1,"11":1,"12":4,"13":4,"14":4,"15":4,"16":0,"17":1,"18":1,"19":1,"20":1,"21":1,"22":1,"23":1,"24":1,"25":1,"26":1,"27":1,"28":2,"29":2,"30":1,"31":9,"32":9,"33":9,"34":9,"35":9,"36":2,"37":2},"b":{"1":[13,1],"2":[13,1],"3":[12,1],"4":[18,1],"5":[17,1],"6":[6,11],"7":[1,0],"8":[0,1],"9":[4,0],"10":[2,2]},"f":{"1":14,"2":3,"3":13,"4":19,"5":1,"6":4,"7":0,"8":1,"9":1,"10":9,"11":2,"12":2},"fnMap":{"1":{"name":"onlyOwner","line":32,"loc":{"start":{"line":32,"column":4},"end":{"line":35,"column":4}}},"2":{"name":"constructor","line":37,"loc":{"start":{"line":37,"column":4},"end":{"line":39,"column":4}}},"3":{"name":"addPool","line":47,"loc":{"start":{"line":47,"column":4},"end":{"line":63,"column":4}}},"4":{"name":"depositWei","line":69,"loc":{"start":{"line":69,"column":4},"end":{"line":88,"column":4}}},"5":{"name":"withdrawWei","line":93,"loc":{"start":{"line":93,"column":4},"end":{"line":105,"column":4}}},"6":{"name":"claimRewards","line":112,"loc":{"start":{"line":112,"column":4},"end":{"line":122,"column":4}}},"7":{"name":"checkPoolDetails","line":126,"loc":{"start":{"line":126,"column":4},"end":{"line":133,"column":4}}},"8":{"name":"checkUserDeposits","line":136,"loc":{"start":{"line":136,"column":4},"end":{"line":152,"column":4}}},"9":{"name":"checkUserDepositInPool","line":155,"loc":{"start":{"line":155,"column":4},"end":{"line":169,"column":4}}},"10":{"name":"checkClaimableRewards","line":174,"loc":{"start":{"line":174,"column":4},"end":{"line":184,"column":4}}},"11":{"name":"checkRemainingCapacity","line":187,"loc":{"start":{"line":187,"column":4},"end":{"line":189,"column":4}}},"12":{"name":"checkWhaleWallets","line":192,"loc":{"start":{"line":192,"column":4},"end":{"line":194,"column":4}}}},"statementMap":{"1":{"start":{"line":33,"column":8},"end":{"line":33,"column":72}},"2":{"start":{"line":48,"column":8},"end":{"line":48,"column":69}},"3":{"start":{"line":54,"column":8},"end":{"line":54,"column":54}},"4":{"start":{"line":70,"column":8},"end":{"line":70,"column":76}},"5":{"start":{"line":71,"column":8},"end":{"line":71,"column":103}},"6":{"start":{"line":80,"column":8},"end":{"line":80,"column":48}},"7":{"start":{"line":84,"column":8},"end":{"line":84,"column":3072}},"8":{"start":{"line":86,"column":12},"end":{"line":86,"column":34}},"9":{"start":{"line":94,"column":7},"end":{"line":94,"column":80}},"10":{"start":{"line":100,"column":8},"end":{"line":100,"column":3727}},"11":{"start":{"line":104,"column":8},"end":{"line":104,"column":43}},"12":{"start":{"line":113,"column":8},"end":{"line":113,"column":52}},"13":{"start":{"line":114,"column":8},"end":{"line":114,"column":41}},"14":{"start":{"line":116,"column":8},"end":{"line":116,"column":4510}},"15":{"start":{"line":121,"column":8},"end":{"line":121,"column":42}},"16":{"start":{"line":127,"column":8},"end":{"line":127,"column":4973}},"17":{"start":{"line":137,"column":8},"end":{"line":137,"column":24}},"18":{"start":{"line":139,"column":8},"end":{"line":139,"column":5395}},"19":{"start":{"line":140,"column":12},"end":{"line":140,"column":75}},"20":{"start":{"line":142,"column":12},"end":{"line":142,"column":63}},"21":{"start":{"line":144,"column":12},"end":{"line":144,"column":70}},"22":{"start":{"line":146,"column":12},"end":{"line":146,"column":81}},"23":{"start":{"line":151,"column":8},"end":{"line":151,"column":39}},"24":{"start":{"line":156,"column":8},"end":{"line":156,"column":48}},"25":{"start":{"line":157,"column":8},"end":{"line":157,"column":57}},"26":{"start":{"line":158,"column":8},"end":{"line":158,"column":54}},"27":{"start":{"line":160,"column":8},"end":{"line":160,"column":6253}},"28":{"start":{"line":161,"column":12},"end":{"line":161,"column":48}},"29":{"start":{"line":164,"column":12},"end":{"line":164,"column":60}},"30":{"start":{"line":168,"column":8},"end":{"line":168,"column":32}},"31":{"start":{"line":175,"column":8},"end":{"line":175,"column":82}},"32":{"start":{"line":177,"column":8},"end":{"line":177,"column":64}},"33":{"start":{"line":179,"column":8},"end":{"line":179,"column":71}},"34":{"start":{"line":181,"column":8},"end":{"line":181,"column":88}},"35":{"start":{"line":183,"column":8},"end":{"line":183,"column":21}},"36":{"start":{"line":188,"column":8},"end":{"line":188,"column":67}},"37":{"start":{"line":193,"column":8},"end":{"line":193,"column":21}}},"branchMap":{"1":{"line":33,"type":"if","locations":[{"start":{"line":33,"column":8},"end":{"line":33,"column":8}},{"start":{"line":33,"column":8},"end":{"line":33,"column":8}}]},"2":{"line":47,"type":"if","locations":[{"start":{"line":47,"column":97},"end":{"line":47,"column":97}},{"start":{"line":47,"column":97},"end":{"line":47,"column":97}}]},"3":{"line":48,"type":"if","locations":[{"start":{"line":48,"column":8},"end":{"line":48,"column":8}},{"start":{"line":48,"column":8},"end":{"line":48,"column":8}}]},"4":{"line":70,"type":"if","locations":[{"start":{"line":70,"column":8},"end":{"line":70,"column":8}},{"start":{"line":70,"column":8},"end":{"line":70,"column":8}}]},"5":{"line":71,"type":"if","locations":[{"start":{"line":71,"column":8},"end":{"line":71,"column":8}},{"start":{"line":71,"column":8},"end":{"line":71,"column":8}}]},"6":{"line":84,"type":"if","locations":[{"start":{"line":84,"column":8},"end":{"line":84,"column":8}},{"start":{"line":84,"column":8},"end":{"line":84,"column":8}}]},"7":{"line":94,"type":"if","locations":[{"start":{"line":94,"column":7},"end":{"line":94,"column":7}},{"start":{"line":94,"column":7},"end":{"line":94,"column":7}}]},"8":{"line":100,"type":"if","locations":[{"start":{"line":100,"column":8},"end":{"line":100,"column":8}},{"start":{"line":100,"column":8},"end":{"line":100,"column":8}}]},"9":{"line":114,"type":"if","locations":[{"start":{"line":114,"column":8},"end":{"line":114,"column":8}},{"start":{"line":114,"column":8},"end":{"line":114,"column":8}}]},"10":{"line":116,"type":"if","locations":[{"start":{"line":116,"column":8},"end":{"line":116,"column":8}},{"start":{"line":116,"column":8},"end":{"line":116,"column":8}}]}}}}